#
# There is insufficient memory for the Java Runtime Environment to continue.
# Native memory allocation (mmap) failed to map 65536 bytes for Failed to commit metaspace.
# Possible reasons:
#   The system is out of physical RAM or swap space
#   The process is running with CompressedOops enabled, and the Java Heap may be blocking the growth of the native heap
# Possible solutions:
#   Reduce memory load on the system
#   Increase physical memory or swap space
#   Check if swap backing store is full
#   Decrease Java heap size (-Xmx/-Xms)
#   Decrease number of Java threads
#   Decrease Java thread stack sizes (-Xss)
#   Set larger code cache with -XX:ReservedCodeCacheSize=
#   JVM is running with Unscaled Compressed Oops mode in which the Java heap is
#     placed in the first 4GB address space. The Java Heap base address is the
#     maximum limit for the native heap growth. Please use -XX:HeapBaseMinAddress
#     to set the Java Heap base and to place the Java Heap above 4GB virtual address.
# This output file may be truncated or incomplete.
#
#  Out of Memory Error (virtualSpaceNode.cpp:108), pid=29876, tid=35276
#
# JRE version: OpenJDK Runtime Environment (16.0.1+9) (build 16.0.1+9-24)
# Java VM: OpenJDK 64-Bit Server VM (16.0.1+9-24, mixed mode, tiered, compressed oops, compressed class ptrs, g1 gc, windows-amd64)
# No core dump will be written. Minidumps are not enabled by default on client versions of Windows
#

---------------  S U M M A R Y ------------

Command Line: -Dcom.sun.management.jmxremote -Dcom.sun.management.jmxremote.port=56314 -Dcom.sun.management.jmxremote.authenticate=false -Dcom.sun.management.jmxremote.ssl=false -Djava.rmi.server.hostname=localhost -Dspring.jmx.enabled=true -Dspring.application.admin.enabled=true -XX:TieredStopAtLevel=1 -Dspring.boot.project.name=Examproject -Dfile.encoding=UTF-8 -XX:+ShowCodeDetailsInExceptionMessages com.exam.ExamprojectApplication --spring.output.ansi.enabled=always

Host: AMD Ryzen 5 3500U with Radeon Vega Mobile Gfx  , 8 cores, 5G,  Windows 10 , 64 bit Build 19041 (10.0.19041.1202)
Time: Thu Sep 30 10:26:20 2021 India Standard Time elapsed time: 2.199475 seconds (0d 0h 0m 2s)

---------------  T H R E A D  ---------------

Current thread (0x000002611b65d020):  JavaThread "restartedMain" [_thread_in_vm, id=35276, stack(0x000000bb30200000,0x000000bb30300000)]

Stack: [0x000000bb30200000,0x000000bb30300000]
Native frames: (J=compiled Java code, j=interpreted, Vv=VM code, C=native code)
V  [jvm.dll+0x6687ca]
V  [jvm.dll+0x7ca3c9]
V  [jvm.dll+0x7cbb53]
V  [jvm.dll+0x7cc1b3]
V  [jvm.dll+0x242ea5]
V  [jvm.dll+0x7c6a4b]
V  [jvm.dll+0x60e436]
V  [jvm.dll+0x1be93e]
V  [jvm.dll+0x610b91]
V  [jvm.dll+0x60ed31]
V  [jvm.dll+0x6193f7]
V  [jvm.dll+0x1e9a52]
V  [jvm.dll+0x1e9f85]
V  [jvm.dll+0x1eab0f]
V  [jvm.dll+0x1df8a1]
V  [jvm.dll+0x536728]
V  [jvm.dll+0x743011]
V  [jvm.dll+0x40775f]
V  [jvm.dll+0x40da82]
C  [java.dll+0x17c8]

Java frames: (J=compiled Java code, j=interpreted, Vv=VM code)
J 1232  java.lang.ClassLoader.defineClass1(Ljava/lang/ClassLoader;Ljava/lang/String;[BIILjava/security/ProtectionDomain;Ljava/lang/String;)Ljava/lang/Class; java.base@16.0.1 (0 bytes) @ 0x00000261051916fb [0x0000026105191640+0x00000000000000bb]
J 1414 c1 java.lang.ClassLoader.defineClass(Ljava/lang/String;[BIILjava/security/ProtectionDomain;)Ljava/lang/Class; java.base@16.0.1 (43 bytes) @ 0x00000261051e165c [0x00000261051e1560+0x00000000000000fc]
J 1257 c1 jdk.internal.loader.BuiltinClassLoader.defineClass(Ljava/lang/String;Ljdk/internal/loader/Resource;)Ljava/lang/Class; java.base@16.0.1 (121 bytes) @ 0x000002610519ecbc [0x000002610519e820+0x000000000000049c]
J 1245 c1 jdk.internal.loader.BuiltinClassLoader.findClassOnClassPathOrNull(Ljava/lang/String;)Ljava/lang/Class; java.base@16.0.1 (64 bytes) @ 0x000002610519743c [0x00000261051971a0+0x000000000000029c]
J 969 c1 jdk.internal.loader.BuiltinClassLoader.loadClassOrNull(Ljava/lang/String;Z)Ljava/lang/Class; java.base@16.0.1 (143 bytes) @ 0x0000026105121eec [0x0000026105121aa0+0x000000000000044c]
J 1161 c1 jdk.internal.loader.ClassLoaders$AppClassLoader.loadClass(Ljava/lang/String;Z)Ljava/lang/Class; java.base@16.0.1 (40 bytes) @ 0x00000261051730c4 [0x0000026105172f80+0x0000000000000144]
J 1157 c1 java.lang.ClassLoader.loadClass(Ljava/lang/String;)Ljava/lang/Class; java.base@16.0.1 (7 bytes) @ 0x0000026105170604 [0x00000261051705c0+0x0000000000000044]
v  ~StubRoutines::call_stub
j  org.springframework.core.convert.support.DefaultConversionService.addCollectionConverters(Lorg/springframework/core/convert/converter/ConverterRegistry;)V+188
j  org.springframework.core.convert.support.DefaultConversionService.addDefaultConverters(Lorg/springframework/core/convert/converter/ConverterRegistry;)V+5
j  org.springframework.boot.convert.ApplicationConversionService.configure(Lorg/springframework/format/FormatterRegistry;)V+1
j  org.springframework.boot.convert.ApplicationConversionService.<init>(Lorg/springframework/util/StringValueResolver;Z)V+14
j  org.springframework.boot.convert.ApplicationConversionService.<init>(Lorg/springframework/util/StringValueResolver;)V+3
j  org.springframework.boot.convert.ApplicationConversionService.<init>()V+2
j  org.springframework.boot.SpringApplication.configureEnvironment(Lorg/springframework/core/env/ConfigurableEnvironment;[Ljava/lang/String;)V+12
j  org.springframework.boot.SpringApplication.prepareEnvironment(Lorg/springframework/boot/SpringApplicationRunListeners;Lorg/springframework/boot/DefaultBootstrapContext;Lorg/springframework/boot/ApplicationArguments;)Lorg/springframework/core/env/ConfigurableEnvironment;+15
j  org.springframework.boot.SpringApplication.run([Ljava/lang/String;)Lorg/springframework/context/ConfigurableApplicationContext;+57
j  org.springframework.boot.SpringApplication.run([Ljava/lang/Class;[Ljava/lang/String;)Lorg/springframework/context/ConfigurableApplicationContext;+9
j  org.springframework.boot.SpringApplication.run(Ljava/lang/Class;[Ljava/lang/String;)Lorg/springframework/context/ConfigurableApplicationContext;+9
j  com.exam.ExamprojectApplication.main([Ljava/lang/String;)V+3
v  ~StubRoutines::call_stub
j  jdk.internal.reflect.NativeMethodAccessorImpl.invoke0(Ljava/lang/reflect/Method;Ljava/lang/Object;[Ljava/lang/Object;)Ljava/lang/Object;+0 java.base@16.0.1
j  jdk.internal.reflect.NativeMethodAccessorImpl.invoke(Ljava/lang/Object;[Ljava/lang/Object;)Ljava/lang/Object;+146 java.base@16.0.1
j  jdk.internal.reflect.DelegatingMethodAccessorImpl.invoke(Ljava/lang/Object;[Ljava/lang/Object;)Ljava/lang/Object;+6 java.base@16.0.1
j  java.lang.reflect.Method.invoke(Ljava/lang/Object;[Ljava/lang/Object;)Ljava/lang/Object;+59 java.base@16.0.1
j  org.springframework.boot.devtools.restart.RestartLauncher.run()V+42
v  ~StubRoutines::call_stub

---------------  P R O C E S S  ---------------

Threads class SMR info:
_java_thread_list=0x000002611bb30ad0, length=20, elements={
0x000002617fa2b110, 0x000002611a519270, 0x000002611a51a040, 0x000002611b00c0a0,
0x000002611b00e1d0, 0x000002611b00eae0, 0x000002611b00f600, 0x000002611b013410,
0x000002611b014170, 0x000002611a473690, 0x000002611b1acf90, 0x000002611b6ffa10,
0x000002611b69b020, 0x000002611b6e3200, 0x000002611b6f0420, 0x000002611b80a480,
0x000002611b782f70, 0x000002611ba732d0, 0x000002611bb15a00, 0x000002611b65d020
}

Java Threads: ( => current thread )
  0x000002617fa2b110 JavaThread "main" [_thread_blocked, id=29008, stack(0x000000bb2de00000,0x000000bb2df00000)]
  0x000002611a519270 JavaThread "Reference Handler" daemon [_thread_blocked, id=36648, stack(0x000000bb2e500000,0x000000bb2e600000)]
  0x000002611a51a040 JavaThread "Finalizer" daemon [_thread_blocked, id=39280, stack(0x000000bb2e600000,0x000000bb2e700000)]
  0x000002611b00c0a0 JavaThread "Signal Dispatcher" daemon [_thread_blocked, id=21184, stack(0x000000bb2e700000,0x000000bb2e800000)]
  0x000002611b00e1d0 JavaThread "Attach Listener" daemon [_thread_blocked, id=33472, stack(0x000000bb2e800000,0x000000bb2e900000)]
  0x000002611b00eae0 JavaThread "Service Thread" daemon [_thread_blocked, id=27896, stack(0x000000bb2e900000,0x000000bb2ea00000)]
  0x000002611b00f600 JavaThread "Monitor Deflation Thread" daemon [_thread_blocked, id=31192, stack(0x000000bb2ea00000,0x000000bb2eb00000)]
  0x000002611b013410 JavaThread "C1 CompilerThread0" daemon [_thread_blocked, id=25112, stack(0x000000bb2eb00000,0x000000bb2ec00000)]
  0x000002611b014170 JavaThread "Sweeper thread" daemon [_thread_blocked, id=28984, stack(0x000000bb2ec00000,0x000000bb2ed00000)]
  0x000002611a473690 JavaThread "Common-Cleaner" daemon [_thread_blocked, id=10632, stack(0x000000bb2ed00000,0x000000bb2ee00000)]
  0x000002611b1acf90 JavaThread "Notification Thread" daemon [_thread_blocked, id=24972, stack(0x000000bb2ee00000,0x000000bb2ef00000)]
  0x000002611b6ffa10 JavaThread "RMI TCP Accept-0" daemon [_thread_in_native, id=15228, stack(0x000000bb2ef00000,0x000000bb2f000000)]
  0x000002611b69b020 JavaThread "RMI TCP Accept-56314" daemon [_thread_in_native, id=27500, stack(0x000000bb2f000000,0x000000bb2f100000)]
  0x000002611b6e3200 JavaThread "RMI TCP Accept-0" daemon [_thread_in_native, id=33296, stack(0x000000bb2f100000,0x000000bb2f200000)]
  0x000002611b6f0420 JavaThread "RMI TCP Connection(1)-127.0.0.1" daemon [_thread_in_native, id=27616, stack(0x000000bb2f300000,0x000000bb2f400000)]
  0x000002611b80a480 JavaThread "RMI Scheduler(0)" daemon [_thread_blocked, id=7680, stack(0x000000bb2f400000,0x000000bb2f500000)]
  0x000002611b782f70 JavaThread "RMI TCP Connection(2)-127.0.0.1" daemon [_thread_in_native, id=21400, stack(0x000000bb2f500000,0x000000bb2f600000)]
  0x000002611ba732d0 JavaThread "JMX server connection timeout 22" daemon [_thread_blocked, id=35328, stack(0x000000bb2f600000,0x000000bb2f700000)]
  0x000002611bb15a00 JavaThread "Thread-0" [_thread_blocked, id=39724, stack(0x000000bb30100000,0x000000bb30200000)]
=>0x000002611b65d020 JavaThread "restartedMain" [_thread_in_vm, id=35276, stack(0x000000bb30200000,0x000000bb30300000)]

Other Threads:
  0x000002611a4a4ca0 VMThread "VM Thread" [stack: 0x000000bb2e400000,0x000000bb2e500000] [id=40612]
  0x000002617fa2bed0 WatcherThread [stack: 0x000000bb2f200000,0x000000bb2f300000] [id=32916]
  0x000002617fa69a10 GCTaskThread "GC Thread#0" [stack: 0x000000bb2df00000,0x000000bb2e000000] [id=37592]
  0x000002611bad7830 GCTaskThread "GC Thread#1" [stack: 0x000000bb2f700000,0x000000bb2f800000] [id=18536]
  0x000002611badbf30 GCTaskThread "GC Thread#2" [stack: 0x000000bb2f800000,0x000000bb2f900000] [id=28840]
  0x000002611badc240 GCTaskThread "GC Thread#3" [stack: 0x000000bb2f900000,0x000000bb2fa00000] [id=13776]
  0x000002611badc550 GCTaskThread "GC Thread#4" [stack: 0x000000bb2fa00000,0x000000bb2fb00000] [id=25772]
  0x000002611bb04050 GCTaskThread "GC Thread#5" [stack: 0x000000bb2fb00000,0x000000bb2fc00000] [id=9268]
  0x000002611bb04360 GCTaskThread "GC Thread#6" [stack: 0x000000bb2fc00000,0x000000bb2fd00000] [id=25532]
  0x000002611bb31ac0 GCTaskThread "GC Thread#7" [stack: 0x000000bb2fd00000,0x000000bb2fe00000] [id=2320]
  0x000002617fa76f80 ConcurrentGCThread "G1 Main Marker" [stack: 0x000000bb2e000000,0x000000bb2e100000] [id=35356]
  0x000002617fa77980 ConcurrentGCThread "G1 Conc#0" [stack: 0x000000bb2e100000,0x000000bb2e200000] [id=38696]
  0x000002617faf0ba0 ConcurrentGCThread "G1 Refine#0" [stack: 0x000000bb2e200000,0x000000bb2e300000] [id=39960]
  0x000002611bab8400 ConcurrentGCThread "G1 Refine#1" [stack: 0x000000bb2fe00000,0x000000bb2ff00000] [id=40008]
  0x000002611badc860 ConcurrentGCThread "G1 Refine#2" [stack: 0x000000bb2ff00000,0x000000bb30000000] [id=11784]
  0x000002611badcba0 ConcurrentGCThread "G1 Refine#3" [stack: 0x000000bb30000000,0x000000bb30100000] [id=16208]
  0x000002617faf2540 ConcurrentGCThread "G1 Service" [stack: 0x000000bb2e300000,0x000000bb2e400000] [id=39436]

Threads with active compile tasks:

VM state: not at safepoint (normal execution)

VM Mutex/Monitor currently owned by a thread:  ([mutex/lock_event])
[0x000002617fa25840] MetaspaceExpand_lock - owner thread: 0x000002611b65d020

Heap address: 0x00000000a1400000, size: 1516 MB, Compressed Oops mode: 32-bit

CDS disabled.
Compressed class space mapped at: 0x0000000100000000-0x0000000140000000, reserved size: 1073741824
Narrow klass base: 0x0000000000000000, Narrow klass shift: 3, Narrow klass range: 0x140000000

GC Precious Log:
 CPUs: 8 total, 8 available
 Memory: 6058M
 Large Page Support: Disabled
 NUMA Support: Disabled
 Compressed Oops: Enabled (32-bit)
 Heap Region Size: 1M
 Heap Min Capacity: 8M
 Heap Initial Capacity: 96M
 Heap Max Capacity: 1516M
 Pre-touch: Disabled
 Parallel Workers: 8
 Concurrent Workers: 2
 Concurrent Refinement Workers: 8
 Periodic GC: Disabled

Heap:
 garbage-first heap   total 98304K, used 28510K [0x00000000a1400000, 0x0000000100000000)
  region size 1024K, 23 young (23552K), 1 survivors (1024K)
 Metaspace       used 16609K, committed 16768K, reserved 1064960K
  class space    used 1797K, committed 1856K, reserved 1048576K

Heap Regions: E=young(eden), S=young(survivor), O=old, HS=humongous(starts), HC=humongous(continues), CS=collection set, F=free, OA=open archive, CA=closed archive, TAMS=top-at-mark-start (previous, next)
|   0|0x00000000a1400000, 0x00000000a1500000, 0x00000000a1500000|100%|HS|  |TAMS 0x00000000a1400000, 0x00000000a1400000| Complete 
|   1|0x00000000a1500000, 0x00000000a1600000, 0x00000000a1600000|100%| O|  |TAMS 0x00000000a1500000, 0x00000000a1500000| Untracked 
|   2|0x00000000a1600000, 0x00000000a1700000, 0x00000000a1700000|100%| O|  |TAMS 0x00000000a1600000, 0x00000000a1600000| Untracked 
|   3|0x00000000a1700000, 0x00000000a1800000, 0x00000000a1800000|100%| O|  |TAMS 0x00000000a1700000, 0x00000000a1700000| Untracked 
|   4|0x00000000a1800000, 0x00000000a1900000, 0x00000000a1900000|100%| O|  |TAMS 0x00000000a1800000, 0x00000000a1800000| Untracked 
|   5|0x00000000a1900000, 0x00000000a1a00000, 0x00000000a1a00000|100%| O|  |TAMS 0x00000000a1900000, 0x00000000a1900000| Untracked 
|   6|0x00000000a1a00000, 0x00000000a1b00000, 0x00000000a1b00000|100%| O|  |TAMS 0x00000000a1a00000, 0x00000000a1a00000| Untracked 
|   7|0x00000000a1b00000, 0x00000000a1b7fc00, 0x00000000a1c00000| 49%| O|  |TAMS 0x00000000a1b00000, 0x00000000a1b00000| Untracked 
|   8|0x00000000a1c00000, 0x00000000a1c00000, 0x00000000a1d00000|  0%| F|  |TAMS 0x00000000a1c00000, 0x00000000a1c00000| Untracked 
|   9|0x00000000a1d00000, 0x00000000a1d00000, 0x00000000a1e00000|  0%| F|  |TAMS 0x00000000a1d00000, 0x00000000a1d00000| Untracked 
|  10|0x00000000a1e00000, 0x00000000a1e00000, 0x00000000a1f00000|  0%| F|  |TAMS 0x00000000a1e00000, 0x00000000a1e00000| Untracked 
|  11|0x00000000a1f00000, 0x00000000a1f00000, 0x00000000a2000000|  0%| F|  |TAMS 0x00000000a1f00000, 0x00000000a1f00000| Untracked 
|  12|0x00000000a2000000, 0x00000000a2000000, 0x00000000a2100000|  0%| F|  |TAMS 0x00000000a2000000, 0x00000000a2000000| Untracked 
|  13|0x00000000a2100000, 0x00000000a2100000, 0x00000000a2200000|  0%| F|  |TAMS 0x00000000a2100000, 0x00000000a2100000| Untracked 
|  14|0x00000000a2200000, 0x00000000a2200000, 0x00000000a2300000|  0%| F|  |TAMS 0x00000000a2200000, 0x00000000a2200000| Untracked 
|  15|0x00000000a2300000, 0x00000000a2300000, 0x00000000a2400000|  0%| F|  |TAMS 0x00000000a2300000, 0x00000000a2300000| Untracked 
|  16|0x00000000a2400000, 0x00000000a2400000, 0x00000000a2500000|  0%| F|  |TAMS 0x00000000a2400000, 0x00000000a2400000| Untracked 
|  17|0x00000000a2500000, 0x00000000a2500000, 0x00000000a2600000|  0%| F|  |TAMS 0x00000000a2500000, 0x00000000a2500000| Untracked 
|  18|0x00000000a2600000, 0x00000000a2600000, 0x00000000a2700000|  0%| F|  |TAMS 0x00000000a2600000, 0x00000000a2600000| Untracked 
|  19|0x00000000a2700000, 0x00000000a2700000, 0x00000000a2800000|  0%| F|  |TAMS 0x00000000a2700000, 0x00000000a2700000| Untracked 
|  20|0x00000000a2800000, 0x00000000a2800000, 0x00000000a2900000|  0%| F|  |TAMS 0x00000000a2800000, 0x00000000a2800000| Untracked 
|  21|0x00000000a2900000, 0x00000000a2900000, 0x00000000a2a00000|  0%| F|  |TAMS 0x00000000a2900000, 0x00000000a2900000| Untracked 
|  22|0x00000000a2a00000, 0x00000000a2a00000, 0x00000000a2b00000|  0%| F|  |TAMS 0x00000000a2a00000, 0x00000000a2a00000| Untracked 
|  23|0x00000000a2b00000, 0x00000000a2b00000, 0x00000000a2c00000|  0%| F|  |TAMS 0x00000000a2b00000, 0x00000000a2b00000| Untracked 
|  24|0x00000000a2c00000, 0x00000000a2c00000, 0x00000000a2d00000|  0%| F|  |TAMS 0x00000000a2c00000, 0x00000000a2c00000| Untracked 
|  25|0x00000000a2d00000, 0x00000000a2d00000, 0x00000000a2e00000|  0%| F|  |TAMS 0x00000000a2d00000, 0x00000000a2d00000| Untracked 
|  26|0x00000000a2e00000, 0x00000000a2e00000, 0x00000000a2f00000|  0%| F|  |TAMS 0x00000000a2e00000, 0x00000000a2e00000| Untracked 
|  27|0x00000000a2f00000, 0x00000000a2f00000, 0x00000000a3000000|  0%| F|  |TAMS 0x00000000a2f00000, 0x00000000a2f00000| Untracked 
|  28|0x00000000a3000000, 0x00000000a3000000, 0x00000000a3100000|  0%| F|  |TAMS 0x00000000a3000000, 0x00000000a3000000| Untracked 
|  29|0x00000000a3100000, 0x00000000a3100000, 0x00000000a3200000|  0%| F|  |TAMS 0x00000000a3100000, 0x00000000a3100000| Untracked 
|  30|0x00000000a3200000, 0x00000000a3200000, 0x00000000a3300000|  0%| F|  |TAMS 0x00000000a3200000, 0x00000000a3200000| Untracked 
|  31|0x00000000a3300000, 0x00000000a3300000, 0x00000000a3400000|  0%| F|  |TAMS 0x00000000a3300000, 0x00000000a3300000| Untracked 
|  32|0x00000000a3400000, 0x00000000a3400000, 0x00000000a3500000|  0%| F|  |TAMS 0x00000000a3400000, 0x00000000a3400000| Untracked 
|  33|0x00000000a3500000, 0x00000000a3500000, 0x00000000a3600000|  0%| F|  |TAMS 0x00000000a3500000, 0x00000000a3500000| Untracked 
|  34|0x00000000a3600000, 0x00000000a3600000, 0x00000000a3700000|  0%| F|  |TAMS 0x00000000a3600000, 0x00000000a3600000| Untracked 
|  35|0x00000000a3700000, 0x00000000a3700000, 0x00000000a3800000|  0%| F|  |TAMS 0x00000000a3700000, 0x00000000a3700000| Untracked 
|  36|0x00000000a3800000, 0x00000000a3800000, 0x00000000a3900000|  0%| F|  |TAMS 0x00000000a3800000, 0x00000000a3800000| Untracked 
|  37|0x00000000a3900000, 0x00000000a3900000, 0x00000000a3a00000|  0%| F|  |TAMS 0x00000000a3900000, 0x00000000a3900000| Untracked 
|  38|0x00000000a3a00000, 0x00000000a3a00000, 0x00000000a3b00000|  0%| F|  |TAMS 0x00000000a3a00000, 0x00000000a3a00000| Untracked 
|  39|0x00000000a3b00000, 0x00000000a3b00000, 0x00000000a3c00000|  0%| F|  |TAMS 0x00000000a3b00000, 0x00000000a3b00000| Untracked 
|  40|0x00000000a3c00000, 0x00000000a3c00000, 0x00000000a3d00000|  0%| F|  |TAMS 0x00000000a3c00000, 0x00000000a3c00000| Untracked 
|  41|0x00000000a3d00000, 0x00000000a3d00000, 0x00000000a3e00000|  0%| F|  |TAMS 0x00000000a3d00000, 0x00000000a3d00000| Untracked 
|  42|0x00000000a3e00000, 0x00000000a3e00000, 0x00000000a3f00000|  0%| F|  |TAMS 0x00000000a3e00000, 0x00000000a3e00000| Untracked 
|  43|0x00000000a3f00000, 0x00000000a3f00000, 0x00000000a4000000|  0%| F|  |TAMS 0x00000000a3f00000, 0x00000000a3f00000| Untracked 
|  44|0x00000000a4000000, 0x00000000a4000000, 0x00000000a4100000|  0%| F|  |TAMS 0x00000000a4000000, 0x00000000a4000000| Untracked 
|  45|0x00000000a4100000, 0x00000000a4100000, 0x00000000a4200000|  0%| F|  |TAMS 0x00000000a4100000, 0x00000000a4100000| Untracked 
|  46|0x00000000a4200000, 0x00000000a4200000, 0x00000000a4300000|  0%| F|  |TAMS 0x00000000a4200000, 0x00000000a4200000| Untracked 
|  47|0x00000000a4300000, 0x00000000a4300000, 0x00000000a4400000|  0%| F|  |TAMS 0x00000000a4300000, 0x00000000a4300000| Untracked 
|  48|0x00000000a4400000, 0x00000000a4400000, 0x00000000a4500000|  0%| F|  |TAMS 0x00000000a4400000, 0x00000000a4400000| Untracked 
|  49|0x00000000a4500000, 0x00000000a4500000, 0x00000000a4600000|  0%| F|  |TAMS 0x00000000a4500000, 0x00000000a4500000| Untracked 
|  50|0x00000000a4600000, 0x00000000a4600000, 0x00000000a4700000|  0%| F|  |TAMS 0x00000000a4600000, 0x00000000a4600000| Untracked 
|  51|0x00000000a4700000, 0x00000000a4700000, 0x00000000a4800000|  0%| F|  |TAMS 0x00000000a4700000, 0x00000000a4700000| Untracked 
|  52|0x00000000a4800000, 0x00000000a4800000, 0x00000000a4900000|  0%| F|  |TAMS 0x00000000a4800000, 0x00000000a4800000| Untracked 
|  53|0x00000000a4900000, 0x00000000a4900000, 0x00000000a4a00000|  0%| F|  |TAMS 0x00000000a4900000, 0x00000000a4900000| Untracked 
|  54|0x00000000a4a00000, 0x00000000a4a00000, 0x00000000a4b00000|  0%| F|  |TAMS 0x00000000a4a00000, 0x00000000a4a00000| Untracked 
|  55|0x00000000a4b00000, 0x00000000a4b00000, 0x00000000a4c00000|  0%| F|  |TAMS 0x00000000a4b00000, 0x00000000a4b00000| Untracked 
|  56|0x00000000a4c00000, 0x00000000a4c00000, 0x00000000a4d00000|  0%| F|  |TAMS 0x00000000a4c00000, 0x00000000a4c00000| Untracked 
|  57|0x00000000a4d00000, 0x00000000a4d00000, 0x00000000a4e00000|  0%| F|  |TAMS 0x00000000a4d00000, 0x00000000a4d00000| Untracked 
|  58|0x00000000a4e00000, 0x00000000a4e00000, 0x00000000a4f00000|  0%| F|  |TAMS 0x00000000a4e00000, 0x00000000a4e00000| Untracked 
|  59|0x00000000a4f00000, 0x00000000a4f00000, 0x00000000a5000000|  0%| F|  |TAMS 0x00000000a4f00000, 0x00000000a4f00000| Untracked 
|  60|0x00000000a5000000, 0x00000000a5000000, 0x00000000a5100000|  0%| F|  |TAMS 0x00000000a5000000, 0x00000000a5000000| Untracked 
|  61|0x00000000a5100000, 0x00000000a5100000, 0x00000000a5200000|  0%| F|  |TAMS 0x00000000a5100000, 0x00000000a5100000| Untracked 
|  62|0x00000000a5200000, 0x00000000a5200000, 0x00000000a5300000|  0%| F|  |TAMS 0x00000000a5200000, 0x00000000a5200000| Untracked 
|  63|0x00000000a5300000, 0x00000000a5300000, 0x00000000a5400000|  0%| F|  |TAMS 0x00000000a5300000, 0x00000000a5300000| Untracked 
|  64|0x00000000a5400000, 0x00000000a5400000, 0x00000000a5500000|  0%| F|  |TAMS 0x00000000a5400000, 0x00000000a5400000| Untracked 
|  65|0x00000000a5500000, 0x00000000a5500000, 0x00000000a5600000|  0%| F|  |TAMS 0x00000000a5500000, 0x00000000a5500000| Untracked 
|  66|0x00000000a5600000, 0x00000000a5600000, 0x00000000a5700000|  0%| F|  |TAMS 0x00000000a5600000, 0x00000000a5600000| Untracked 
|  67|0x00000000a5700000, 0x00000000a5757c70, 0x00000000a5800000| 34%| S|CS|TAMS 0x00000000a5700000, 0x00000000a5700000| Complete 
|  68|0x00000000a5800000, 0x00000000a5800000, 0x00000000a5900000|  0%| F|  |TAMS 0x00000000a5800000, 0x00000000a5800000| Untracked 
|  69|0x00000000a5900000, 0x00000000a5900000, 0x00000000a5a00000|  0%| F|  |TAMS 0x00000000a5900000, 0x00000000a5900000| Untracked 
|  70|0x00000000a5a00000, 0x00000000a5a00000, 0x00000000a5b00000|  0%| F|  |TAMS 0x00000000a5a00000, 0x00000000a5a00000| Untracked 
|  71|0x00000000a5b00000, 0x00000000a5b00000, 0x00000000a5c00000|  0%| F|  |TAMS 0x00000000a5b00000, 0x00000000a5b00000| Untracked 
|  72|0x00000000a5c00000, 0x00000000a5c00000, 0x00000000a5d00000|  0%| F|  |TAMS 0x00000000a5c00000, 0x00000000a5c00000| Untracked 
|  73|0x00000000a5d00000, 0x00000000a5d00000, 0x00000000a5e00000|  0%| F|  |TAMS 0x00000000a5d00000, 0x00000000a5d00000| Untracked 
|  74|0x00000000a5e00000, 0x00000000a5e00800, 0x00000000a5f00000|  0%| E|  |TAMS 0x00000000a5e00000, 0x00000000a5e00000| Complete 
|  75|0x00000000a5f00000, 0x00000000a6000000, 0x00000000a6000000|100%| E|CS|TAMS 0x00000000a5f00000, 0x00000000a5f00000| Complete 
|  76|0x00000000a6000000, 0x00000000a6100000, 0x00000000a6100000|100%| E|CS|TAMS 0x00000000a6000000, 0x00000000a6000000| Complete 
|  77|0x00000000a6100000, 0x00000000a6200000, 0x00000000a6200000|100%| E|CS|TAMS 0x00000000a6100000, 0x00000000a6100000| Complete 
|  78|0x00000000a6200000, 0x00000000a6300000, 0x00000000a6300000|100%| E|CS|TAMS 0x00000000a6200000, 0x00000000a6200000| Complete 
|  79|0x00000000a6300000, 0x00000000a6400000, 0x00000000a6400000|100%| E|CS|TAMS 0x00000000a6300000, 0x00000000a6300000| Complete 
|  80|0x00000000a6400000, 0x00000000a6500000, 0x00000000a6500000|100%| E|CS|TAMS 0x00000000a6400000, 0x00000000a6400000| Complete 
|  81|0x00000000a6500000, 0x00000000a6600000, 0x00000000a6600000|100%| E|CS|TAMS 0x00000000a6500000, 0x00000000a6500000| Complete 
|  82|0x00000000a6600000, 0x00000000a6700000, 0x00000000a6700000|100%| E|CS|TAMS 0x00000000a6600000, 0x00000000a6600000| Complete 
|  83|0x00000000a6700000, 0x00000000a6800000, 0x00000000a6800000|100%| E|  |TAMS 0x00000000a6700000, 0x00000000a6700000| Complete 
|  84|0x00000000a6800000, 0x00000000a6900000, 0x00000000a6900000|100%| E|CS|TAMS 0x00000000a6800000, 0x00000000a6800000| Complete 
|  85|0x00000000a6900000, 0x00000000a6a00000, 0x00000000a6a00000|100%| E|CS|TAMS 0x00000000a6900000, 0x00000000a6900000| Complete 
|  86|0x00000000a6a00000, 0x00000000a6b00000, 0x00000000a6b00000|100%| E|CS|TAMS 0x00000000a6a00000, 0x00000000a6a00000| Complete 
|  87|0x00000000a6b00000, 0x00000000a6c00000, 0x00000000a6c00000|100%| E|CS|TAMS 0x00000000a6b00000, 0x00000000a6b00000| Complete 
|  88|0x00000000a6c00000, 0x00000000a6d00000, 0x00000000a6d00000|100%| E|CS|TAMS 0x00000000a6c00000, 0x00000000a6c00000| Complete 
|  89|0x00000000a6d00000, 0x00000000a6e00000, 0x00000000a6e00000|100%| E|CS|TAMS 0x00000000a6d00000, 0x00000000a6d00000| Complete 
|  90|0x00000000a6e00000, 0x00000000a6f00000, 0x00000000a6f00000|100%| E|CS|TAMS 0x00000000a6e00000, 0x00000000a6e00000| Complete 
|  91|0x00000000a6f00000, 0x00000000a7000000, 0x00000000a7000000|100%| E|CS|TAMS 0x00000000a6f00000, 0x00000000a6f00000| Complete 
|  92|0x00000000a7000000, 0x00000000a7100000, 0x00000000a7100000|100%| E|CS|TAMS 0x00000000a7000000, 0x00000000a7000000| Complete 
|  93|0x00000000a7100000, 0x00000000a7200000, 0x00000000a7200000|100%| E|CS|TAMS 0x00000000a7100000, 0x00000000a7100000| Complete 
|  94|0x00000000a7200000, 0x00000000a7300000, 0x00000000a7300000|100%| E|CS|TAMS 0x00000000a7200000, 0x00000000a7200000| Complete 
|  95|0x00000000a7300000, 0x00000000a7400000, 0x00000000a7400000|100%| E|CS|TAMS 0x00000000a7300000, 0x00000000a7300000| Complete 

Card table byte_map: [0x00000261144f0000,0x00000261147f0000] _byte_map_base: 0x0000026113fe6000

Marking Bits (Prev, Next): (CMBitMap*) 0x000002617fa6a010, (CMBitMap*) 0x000002617fa6a050
 Prev Bits: [0x0000026114af0000, 0x00000261162a0000)
 Next Bits: [0x00000261162a0000, 0x0000026117a50000)

Polling page: 0x000002617fb00000

Metaspace:

Usage:
  Non-class:     14.46 MB used.
      Class:      1.76 MB used.
       Both:     16.22 MB used.

Virtual space:
  Non-class space:       16.00 MB reserved,      14.56 MB ( 91%) committed,  2 nodes.
      Class space:        1.00 GB reserved,       1.81 MB ( <1%) committed,  1 nodes.
              Both:        1.02 GB reserved,      16.38 MB (  2%) committed. 

Chunk freelists:
   Non-Class:  1.36 MB
       Class:  2.00 MB
        Both:  3.36 MB

MaxMetaspaceSize: 17179869184.00 GB
CompressedClassSpaceSize: 1.00 GB
 - commit_granule_bytes: 65536.
 - commit_granule_words: 8192.
 - virtual_space_node_default_size: 1048576.
 - enlarge_chunks_in_place: 1.
 - new_chunks_are_fully_committed: 0.
 - uncommit_free_chunks: 1.
 - use_allocation_guard: 0.
 - handle_deallocations: 1.


Internal statistics:

num_allocs_failed_limit: 0.
num_arena_births: 212.
num_arena_deaths: 0.
num_vsnodes_births: 3.
num_vsnodes_deaths: 0.
num_space_committed: 262.
num_space_uncommitted: 0.
num_chunks_returned_to_freelist: 0.
num_chunks_taken_from_freelist: 404.
num_chunk_merges: 0.
num_chunk_splits: 237.
num_chunks_enlarged: 147.
num_purges: 0.

CodeHeap 'non-profiled nmethods': size=238336Kb used=2187Kb max_used=2187Kb free=236148Kb
 bounds [0x0000026104fe0000, 0x0000026105250000, 0x00000261138a0000]
CodeHeap 'non-nmethods': size=7424Kb used=1159Kb max_used=1159Kb free=6264Kb
 bounds [0x00000261048a0000, 0x0000026104b10000, 0x0000026104fe0000]
 total_blobs=1943 nmethods=1493 adapters=378
 compilation: enabled
              stopped_count=0, restarted_count=0
 full_count=0

Compilation events (20 events):
Event: 2.177 Thread 0x000002611b013410 nmethod 1479 0x00000261051fbe90 code [0x00000261051fc020, 0x00000261051fc0f8]
Event: 2.177 Thread 0x000002611b013410 1480   !   1       org.springframework.util.ConcurrentReferenceHashMap$Segment::clear (69 bytes)
Event: 2.177 Thread 0x000002611b013410 nmethod 1480 0x00000261051fc190 code [0x00000261051fc3a0, 0x00000261051fc828]
Event: 2.178 Thread 0x000002611b013410 1481       1       org.springframework.util.ConcurrentReferenceHashMap::getHash (64 bytes)
Event: 2.178 Thread 0x000002611b013410 nmethod 1481 0x00000261051fcb10 code [0x00000261051fccc0, 0x00000261051fce08]
Event: 2.179 Thread 0x000002611b013410 1482       1       org.springframework.util.ConcurrentReferenceHashMap::getSegmentForHash (23 bytes)
Event: 2.179 Thread 0x000002611b013410 nmethod 1482 0x00000261051fce90 code [0x00000261051fd020, 0x00000261051fd118]
Event: 2.180 Thread 0x000002611b013410 1483       1       jdk.internal.misc.Unsafe::getAndAddInt (27 bytes)
Event: 2.180 Thread 0x000002611b013410 nmethod 1483 0x00000261051fd210 code [0x00000261051fd3a0, 0x00000261051fd4b8]
Event: 2.183 Thread 0x000002611b013410 1484       1       java.util.Collections$1::hasNext (5 bytes)
Event: 2.183 Thread 0x000002611b013410 nmethod 1484 0x00000261051fd590 code [0x00000261051fd720, 0x00000261051fd7f8]
Event: 2.191 Thread 0x000002611b013410 1485       1       java.io.ObjectOutputStream$BlockDataOutputStream::getUTFLength (124 bytes)
Event: 2.192 Thread 0x000002611b013410 nmethod 1485 0x00000261051fd890 code [0x00000261051fda40, 0x00000261051fdc88]
Event: 2.192 Thread 0x000002611b013410 1486       1       java.io.ObjectOutputStream$BlockDataOutputStream::writeBytes (144 bytes)
Event: 2.192 Thread 0x000002611b013410 nmethod 1486 0x00000261051fde90 code [0x00000261051fe040, 0x00000261051fe2b8]
Event: 2.192 Thread 0x000002611b013410 1487       1       java.io.ObjectStreamField::getTypeCode (9 bytes)
Event: 2.193 Thread 0x000002611b013410 nmethod 1487 0x00000261051fe510 code [0x00000261051fe6e0, 0x00000261051fe8e8]
Event: 2.193 Thread 0x000002611b013410 1488       1       java.io.ObjectOutputStream$HandleTable::insert (39 bytes)
Event: 2.193 Thread 0x000002611b013410 nmethod 1488 0x00000261051fea90 code [0x00000261051fec40, 0x00000261051fee88]
Event: 2.193 Thread 0x000002611b013410 1489   !   1       java.io.ObjectOutputStream::writeObject0 (620 bytes)

GC Heap History (4 events):
Event: 1.830 GC heap before
{Heap before GC invocations=0 (full 0):
 garbage-first heap   total 98304K, used 23552K [0x00000000a1400000, 0x0000000100000000)
  region size 1024K, 23 young (23552K), 0 survivors (0K)
 Metaspace       used 15392K, committed 15616K, reserved 1064960K
  class space    used 1624K, committed 1728K, reserved 1048576K
}
Event: 1.853 GC heap after
{Heap after GC invocations=1 (full 0):
 garbage-first heap   total 98304K, used 7574K [0x00000000a1400000, 0x0000000100000000)
  region size 1024K, 3 young (3072K), 3 survivors (3072K)
 Metaspace       used 15392K, committed 15616K, reserved 1064960K
  class space    used 1624K, committed 1728K, reserved 1048576K
}
Event: 1.944 GC heap before
{Heap before GC invocations=1 (full 0):
 garbage-first heap   total 98304K, used 32150K [0x00000000a1400000, 0x0000000100000000)
  region size 1024K, 28 young (28672K), 3 survivors (3072K)
 Metaspace       used 15888K, committed 16128K, reserved 1064960K
  class space    used 1686K, committed 1792K, reserved 1048576K
}
Event: 1.952 GC heap after
{Heap after GC invocations=2 (full 0):
 garbage-first heap   total 98304K, used 8030K [0x00000000a1400000, 0x0000000100000000)
  region size 1024K, 1 young (1024K), 1 survivors (1024K)
 Metaspace       used 15888K, committed 16128K, reserved 1064960K
  class space    used 1686K, committed 1792K, reserved 1048576K
}

Deoptimization events (0 events):
No events

Classes unloaded (0 events):
No events

Classes redefined (0 events):
No events

Internal exceptions (20 events):
Event: 0.944 Thread 0x000002617fa2b110 Exception <a 'java/lang/NoSuchMethodError'{0x00000000a6bbd7e0}: 'int java.lang.invoke.DirectMethodHandle$Holder.invokeSpecialIFC(java.lang.Object, java.lang.Object, java.lang.Object)'> (0x00000000a6bbd7e0) 
thrown [t:\workspace\open\src\hotspot\share\interpreter\linkResolver.cpp, line 790]
Event: 0.994 Thread 0x000002617fa2b110 Exception <a 'java/lang/NoSuchMethodError'{0x00000000a6a351a8}: 'java.lang.Object java.lang.invoke.DirectMethodHandle$Holder.invokeStaticInit(java.lang.Object, int, int, int, int)'> (0x00000000a6a351a8) 
thrown [t:\workspace\open\src\hotspot\share\interpreter\linkResolver.cpp, line 790]
Event: 1.121 Thread 0x000002617fa2b110 Exception <a 'java/lang/NoSuchMethodError'{0x00000000a6afe488}: 'java.lang.Object java.lang.invoke.DirectMethodHandle$Holder.invokeStaticInit(java.lang.Object, java.lang.Object, int, int, int, int)'> (0x00000000a6afe488) 
thrown [t:\workspace\open\src\hotspot\share\interpreter\linkResolver.cpp, line 790]
Event: 1.148 Thread 0x000002617fa2b110 Exception <a 'java/lang/ClassNotFoundException'{0x00000000a691aa60}: javax/management/remote/rmi/RMIServerImpl_Skel> (0x00000000a691aa60) 
thrown [t:\workspace\open\src\hotspot\share\classfile\systemDictionary.cpp, line 256]
Event: 1.277 Thread 0x000002617fa2b110 Exception <a 'java/lang/ClassNotFoundException'{0x00000000a686c710}: jdk/internal/agent/resources/spi/agentProvider> (0x00000000a686c710) 
thrown [t:\workspace\open\src\hotspot\share\classfile\systemDictionary.cpp, line 256]
Event: 1.478 Thread 0x000002617fa2b110 Exception <a 'java/lang/ClassNotFoundException'{0x00000000a66af540}: javax/smartcardio/CardPermission> (0x00000000a66af540) 
thrown [t:\workspace\open\src\hotspot\share\classfile\systemDictionary.cpp, line 256]
Event: 1.485 Thread 0x000002617fa2b110 Exception <a 'java/io/FileNotFoundException'{0x00000000a66bdf10}> (0x00000000a66bdf10) 
thrown [t:\workspace\open\src\hotspot\share\prims\jni.cpp, line 579]
Event: 1.567 Thread 0x000002611b782f70 Exception <a 'java/lang/NoSuchMethodError'{0x00000000a64992d0}: static [B.<clinit>()V> (0x00000000a64992d0) 
thrown [t:\workspace\open\src\hotspot\share\prims\jni.cpp, line 1210]
Event: 1.591 Thread 0x000002611b782f70 Exception <a 'java/lang/ClassNotFoundException'{0x00000000a64babc8}: javax/management/remote/rmi/RMIConnectionImpl_Skel> (0x00000000a64babc8) 
thrown [t:\workspace\open\src\hotspot\share\classfile\systemDictionary.cpp, line 256]
Event: 1.593 Thread 0x000002611ba732d0 Exception <a 'java/lang/NoSuchMethodError'{0x00000000a620a9c8}: 'java.lang.Object java.lang.invoke.Invokers$Holder.linkToTargetMethod(java.lang.Object, long, java.lang.Object)'> (0x00000000a620a9c8) 
thrown [t:\workspace\open\src\hotspot\share\interpreter\linkResolver.cpp, line 790]
Event: 1.614 Thread 0x000002611b782f70 Exception <a 'java/lang/reflect/InvocationTargetException'{0x00000000a6279868}> (0x00000000a6279868) 
thrown [t:\workspace\open\src\hotspot\share\runtime\reflection.cpp, line 1157]
Event: 1.622 Thread 0x000002611b782f70 Exception <a 'java/lang/NoSuchMethodError'{0x00000000a629bd60}: static [Ljava/lang/StackTraceElement;.<clinit>()V> (0x00000000a629bd60) 
thrown [t:\workspace\open\src\hotspot\share\prims\jni.cpp, line 1210]
Event: 1.675 Thread 0x000002617fa2b110 Exception <a 'java/lang/NoSuchMethodError'{0x00000000a60df930}: 'java.lang.Object java.lang.invoke.DirectMethodHandle$Holder.invokeSpecialIFC(java.lang.Object, java.lang.Object, java.lang.Object, java.lang.Object)'> (0x00000000a60df930) 
thrown [t:\workspace\open\src\hotspot\share\interpreter\linkResolver.cpp, line 790]
Event: 1.687 Thread 0x000002617fa2b110 Exception <a 'java/lang/NoSuchMethodError'{0x00000000a5f1f0f8}: 'int java.lang.invoke.DirectMethodHandle$Holder.invokeVirtual(java.lang.Object, java.lang.Object, java.lang.Object)'> (0x00000000a5f1f0f8) 
thrown [t:\workspace\open\src\hotspot\share\interpreter\linkResolver.cpp, line 790]
Event: 1.715 Thread 0x000002617fa2b110 Exception <a 'java/lang/NoSuchMethodError'{0x00000000a5f9d1e8}: 'int java.lang.invoke.DirectMethodHandle$Holder.invokeStaticInit(java.lang.Object, java.lang.Object)'> (0x00000000a5f9d1e8) 
thrown [t:\workspace\open\src\hotspot\share\interpreter\linkResolver.cpp, line 790]
Event: 1.810 Thread 0x000002617fa2b110 Exception <a 'java/lang/NoSuchMethodError'{0x00000000a5d8e418}: 'int java.lang.invoke.DirectMethodHandle$Holder.invokeStaticInit(java.lang.Object, java.lang.Object, java.lang.Object)'> (0x00000000a5d8e418) 
thrown [t:\workspace\open\src\hotspot\share\interpreter\linkResolver.cpp, line 790]
Event: 1.821 Thread 0x000002617fa2b110 Exception <a 'java/lang/NoSuchMethodError'{0x00000000a5dbaa20}: 'java.lang.Object java.lang.invoke.DirectMethodHandle$Holder.invokeVirtual(java.lang.Object, java.lang.Object, java.lang.Object)'> (0x00000000a5dbaa20) 
thrown [t:\workspace\open\src\hotspot\share\interpreter\linkResolver.cpp, line 790]
Event: 1.827 Thread 0x000002617fa2b110 Exception <a 'java/lang/NoSuchMethodError'{0x00000000a5deb3f8}: 'java.lang.Object java.lang.invoke.DirectMethodHandle$Holder.newInvokeSpecial(java.lang.Object, java.lang.Object, java.lang.Object, java.lang.Object, java.lang.Object)'> (0x00000000a5deb3f8) 
thrown [t:\workspace\open\src\hotspot\share\interpreter\linkResolver.cpp, line 790]
Event: 2.135 Thread 0x000002611b65d020 Exception <a 'java/io/FileNotFoundException'{0x00000000a6059b68}> (0x00000000a6059b68) 
thrown [t:\workspace\open\src\hotspot\share\prims\jni.cpp, line 579]
Event: 2.191 Thread 0x000002611b782f70 Exception <a 'java/lang/reflect/InvocationTargetException'{0x00000000a5f85db0}> (0x00000000a5f85db0) 
thrown [t:\workspace\open\src\hotspot\share\runtime\reflection.cpp, line 1157]

Events (20 events):
Event: 2.138 loading class java/lang/ProcessEnvironment$CheckedEntrySet$1
Event: 2.138 loading class java/lang/ProcessEnvironment$CheckedEntrySet$1 done
Event: 2.138 loading class java/lang/ProcessEnvironment$CheckedEntry
Event: 2.138 loading class java/lang/ProcessEnvironment$CheckedEntry done
Event: 2.152 loading class java/util/concurrent/CopyOnWriteArraySet
Event: 2.152 loading class java/util/concurrent/CopyOnWriteArraySet done
Event: 2.159 loading class java/util/concurrent/ConcurrentLinkedDeque
Event: 2.160 loading class java/util/concurrent/ConcurrentLinkedDeque done
Event: 2.160 loading class java/util/concurrent/ConcurrentLinkedDeque$Node
Event: 2.160 loading class java/util/concurrent/ConcurrentLinkedDeque$Node done
Event: 2.171 loading class sun/reflect/generics/tree/BottomSignature
Event: 2.171 loading class sun/reflect/generics/tree/BottomSignature done
Event: 2.171 loading class sun/reflect/generics/tree/Wildcard
Event: 2.171 loading class sun/reflect/generics/tree/Wildcard done
Event: 2.171 loading class sun/reflect/generics/reflectiveObjects/WildcardTypeImpl
Event: 2.171 loading class sun/reflect/generics/reflectiveObjects/WildcardTypeImpl done
Event: 2.177 loading class java/util/Currency
Event: 2.178 loading class java/util/Currency done
Event: 2.182 loading class java/util/UUID
Event: 2.182 loading class java/util/UUID done


Dynamic libraries:
0x00007ff762930000 - 0x00007ff76293e000 	C:\sts-4.11.0.RELEASE\plugins\org.eclipse.justj.openjdk.hotspot.jre.full.win32.x86_64_16.0.1.v20210528-1205\jre\bin\javaw.exe
0x00007ffe4c690000 - 0x00007ffe4c885000 	C:\windows\SYSTEM32\ntdll.dll
0x00007ffe4b120000 - 0x00007ffe4b1de000 	C:\windows\System32\KERNEL32.DLL
0x00007ffe49f00000 - 0x00007ffe4a1c9000 	C:\windows\System32\KERNELBASE.dll
0x00007ffe49db0000 - 0x00007ffe49eb0000 	C:\windows\System32\ucrtbase.dll
0x00007ffe262b0000 - 0x00007ffe262c9000 	C:\sts-4.11.0.RELEASE\plugins\org.eclipse.justj.openjdk.hotspot.jre.full.win32.x86_64_16.0.1.v20210528-1205\jre\bin\VCRUNTIME140.dll
0x00007ffe262d0000 - 0x00007ffe262e8000 	C:\sts-4.11.0.RELEASE\plugins\org.eclipse.justj.openjdk.hotspot.jre.full.win32.x86_64_16.0.1.v20210528-1205\jre\bin\jli.dll
0x00007ffe4b3a0000 - 0x00007ffe4b541000 	C:\windows\System32\USER32.dll
0x00007ffe4a4d0000 - 0x00007ffe4a4f2000 	C:\windows\System32\win32u.dll
0x00007ffe343f0000 - 0x00007ffe3468a000 	C:\windows\WinSxS\amd64_microsoft.windows.common-controls_6595b64144ccf1df_6.0.19041.1110_none_60b5254171f9507e\COMCTL32.dll
0x00007ffe4b730000 - 0x00007ffe4b75b000 	C:\windows\System32\GDI32.dll
0x00007ffe4ae60000 - 0x00007ffe4aefe000 	C:\windows\System32\msvcrt.dll
0x00007ffe4a1d0000 - 0x00007ffe4a2db000 	C:\windows\System32\gdi32full.dll
0x00007ffe4a500000 - 0x00007ffe4a59d000 	C:\windows\System32\msvcp_win.dll
0x00007ffe4ae30000 - 0x00007ffe4ae60000 	C:\windows\System32\IMM32.DLL
0x00007ffe45820000 - 0x00007ffe4582c000 	C:\sts-4.11.0.RELEASE\plugins\org.eclipse.justj.openjdk.hotspot.jre.full.win32.x86_64_16.0.1.v20210528-1205\jre\bin\vcruntime140_1.dll
0x00007ffe1ab30000 - 0x00007ffe1abc1000 	C:\sts-4.11.0.RELEASE\plugins\org.eclipse.justj.openjdk.hotspot.jre.full.win32.x86_64_16.0.1.v20210528-1205\jre\bin\msvcp140.dll
0x00007ffdef800000 - 0x00007ffdf03ab000 	C:\sts-4.11.0.RELEASE\plugins\org.eclipse.justj.openjdk.hotspot.jre.full.win32.x86_64_16.0.1.v20210528-1205\jre\bin\server\jvm.dll
0x00007ffe4b2f0000 - 0x00007ffe4b39c000 	C:\windows\System32\ADVAPI32.dll
0x00007ffe4b250000 - 0x00007ffe4b2eb000 	C:\windows\System32\sechost.dll
0x00007ffe4c490000 - 0x00007ffe4c5ba000 	C:\windows\System32\RPCRT4.dll
0x00007ffe4a860000 - 0x00007ffe4a868000 	C:\windows\System32\PSAPI.DLL
0x00007ffe2a540000 - 0x00007ffe2a549000 	C:\windows\SYSTEM32\WSOCK32.dll
0x00007ffe416e0000 - 0x00007ffe41707000 	C:\windows\SYSTEM32\WINMM.dll
0x00007ffe421f0000 - 0x00007ffe421fa000 	C:\windows\SYSTEM32\VERSION.dll
0x00007ffe4b1e0000 - 0x00007ffe4b24b000 	C:\windows\System32\WS2_32.dll
0x00007ffe47c70000 - 0x00007ffe47c82000 	C:\windows\SYSTEM32\kernel.appcore.dll
0x00007ffe2a3c0000 - 0x00007ffe2a3ca000 	C:\sts-4.11.0.RELEASE\plugins\org.eclipse.justj.openjdk.hotspot.jre.full.win32.x86_64_16.0.1.v20210528-1205\jre\bin\jimage.dll
0x00007ffe31b30000 - 0x00007ffe31d14000 	C:\windows\SYSTEM32\DBGHELP.DLL
0x00007ffe31ad0000 - 0x00007ffe31afc000 	C:\windows\SYSTEM32\dbgcore.DLL
0x00007ffe4a440000 - 0x00007ffe4a4c3000 	C:\windows\System32\bcryptPrimitives.dll
0x00007ffe1b9a0000 - 0x00007ffe1b9c5000 	C:\sts-4.11.0.RELEASE\plugins\org.eclipse.justj.openjdk.hotspot.jre.full.win32.x86_64_16.0.1.v20210528-1205\jre\bin\java.dll
0x00007ffe1b980000 - 0x00007ffe1b998000 	C:\sts-4.11.0.RELEASE\plugins\org.eclipse.justj.openjdk.hotspot.jre.full.win32.x86_64_16.0.1.v20210528-1205\jre\bin\zip.dll
0x00007ffe4bd50000 - 0x00007ffe4c48f000 	C:\windows\System32\SHELL32.dll
0x00007ffe47e70000 - 0x00007ffe48600000 	C:\windows\SYSTEM32\windows.storage.dll
0x00007ffe4a920000 - 0x00007ffe4ac75000 	C:\windows\System32\combase.dll
0x00007ffe49730000 - 0x00007ffe4975c000 	C:\windows\SYSTEM32\Wldp.dll
0x00007ffe4a870000 - 0x00007ffe4a91e000 	C:\windows\System32\SHCORE.dll
0x00007ffe4a800000 - 0x00007ffe4a855000 	C:\windows\System32\shlwapi.dll
0x00007ffe49cf0000 - 0x00007ffe49d0f000 	C:\windows\SYSTEM32\profapi.dll
0x00007ffe1b960000 - 0x00007ffe1b979000 	C:\sts-4.11.0.RELEASE\plugins\org.eclipse.justj.openjdk.hotspot.jre.full.win32.x86_64_16.0.1.v20210528-1205\jre\bin\net.dll
0x00007ffe3de60000 - 0x00007ffe3df68000 	C:\windows\SYSTEM32\WINHTTP.dll
0x00007ffe49440000 - 0x00007ffe494aa000 	C:\windows\system32\mswsock.dll
0x00007ffe1b940000 - 0x00007ffe1b953000 	C:\sts-4.11.0.RELEASE\plugins\org.eclipse.justj.openjdk.hotspot.jre.full.win32.x86_64_16.0.1.v20210528-1205\jre\bin\nio.dll
0x00007ffe2a1d0000 - 0x00007ffe2a1d9000 	C:\sts-4.11.0.RELEASE\plugins\org.eclipse.justj.openjdk.hotspot.jre.full.win32.x86_64_16.0.1.v20210528-1205\jre\bin\management.dll
0x00007ffe29940000 - 0x00007ffe2994b000 	C:\sts-4.11.0.RELEASE\plugins\org.eclipse.justj.openjdk.hotspot.jre.full.win32.x86_64_16.0.1.v20210528-1205\jre\bin\management_ext.dll
0x00007ffe2e170000 - 0x00007ffe2e187000 	C:\windows\system32\napinsp.dll
0x00007ffe2e150000 - 0x00007ffe2e16b000 	C:\windows\system32\pnrpnsp.dll
0x00007ffe2d390000 - 0x00007ffe2d3a5000 	C:\windows\system32\wshbth.dll
0x00007ffe45770000 - 0x00007ffe4578d000 	C:\windows\system32\NLAapi.dll
0x00007ffe49150000 - 0x00007ffe4918b000 	C:\windows\SYSTEM32\IPHLPAPI.DLL
0x00007ffe49190000 - 0x00007ffe4925c000 	C:\windows\SYSTEM32\DNSAPI.dll
0x00007ffe4b550000 - 0x00007ffe4b558000 	C:\windows\System32\NSI.dll
0x00007ffe2d270000 - 0x00007ffe2d282000 	C:\windows\System32\winrnr.dll
0x00007ffe3ee80000 - 0x00007ffe3ee8a000 	C:\Windows\System32\rasadhlp.dll
0x00007ffe3f2d0000 - 0x00007ffe3f34f000 	C:\windows\System32\fwpuclnt.dll
0x00007ffe4a650000 - 0x00007ffe4a677000 	C:\windows\System32\bcrypt.dll
0x00007ffe49670000 - 0x00007ffe49688000 	C:\windows\SYSTEM32\CRYPTSP.dll
0x00007ffe48dd0000 - 0x00007ffe48e04000 	C:\windows\system32\rsaenh.dll
0x00007ffe49c70000 - 0x00007ffe49c9e000 	C:\windows\SYSTEM32\USERENV.dll
0x00007ffe49660000 - 0x00007ffe4966c000 	C:\windows\SYSTEM32\CRYPTBASE.dll
0x00007ffe41560000 - 0x00007ffe41577000 	C:\windows\SYSTEM32\dhcpcsvc6.DLL
0x00007ffe41540000 - 0x00007ffe4155d000 	C:\windows\SYSTEM32\dhcpcsvc.DLL
0x00007ffe2a390000 - 0x00007ffe2a3a0000 	C:\sts-4.11.0.RELEASE\plugins\org.eclipse.justj.openjdk.hotspot.jre.full.win32.x86_64_16.0.1.v20210528-1205\jre\bin\verify.dll

dbghelp: loaded successfully - version: 4.0.5 - missing functions: none
symbol engine: initialized successfully - sym options: 0x614 - pdb path: .;C:\sts-4.11.0.RELEASE\plugins\org.eclipse.justj.openjdk.hotspot.jre.full.win32.x86_64_16.0.1.v20210528-1205\jre\bin;C:\windows\SYSTEM32;C:\windows\WinSxS\amd64_microsoft.windows.common-controls_6595b64144ccf1df_6.0.19041.1110_none_60b5254171f9507e;C:\sts-4.11.0.RELEASE\plugins\org.eclipse.justj.openjdk.hotspot.jre.full.win32.x86_64_16.0.1.v20210528-1205\jre\bin\server

VM Arguments:
jvm_args: -Dcom.sun.management.jmxremote -Dcom.sun.management.jmxremote.port=56314 -Dcom.sun.management.jmxremote.authenticate=false -Dcom.sun.management.jmxremote.ssl=false -Djava.rmi.server.hostname=localhost -Dspring.jmx.enabled=true -Dspring.application.admin.enabled=true -XX:TieredStopAtLevel=1 -Dspring.boot.project.name=Examproject -Dfile.encoding=UTF-8 -XX:+ShowCodeDetailsInExceptionMessages 
java_command: com.exam.ExamprojectApplication --spring.output.ansi.enabled=always
java_class_path (initial): C:\Users\KANHAIYA KUMAR\Documents\workspace-spring-tool-suite-4-4.11.0.RELEASE\Examproject\target\classes;C:\Users\KANHAIYA KUMAR\.m2\repository\org\springframework\boot\spring-boot-starter-data-jpa\2.5.5\spring-boot-starter-data-jpa-2.5.5.jar;C:\Users\KANHAIYA KUMAR\.m2\repository\org\springframework\boot\spring-boot-starter-aop\2.5.5\spring-boot-starter-aop-2.5.5.jar;C:\Users\KANHAIYA KUMAR\.m2\repository\org\aspectj\aspectjweaver\1.9.7\aspectjweaver-1.9.7.jar;C:\Users\KANHAIYA KUMAR\.m2\repository\org\springframework\boot\spring-boot-starter-jdbc\2.5.5\spring-boot-starter-jdbc-2.5.5.jar;C:\Users\KANHAIYA KUMAR\.m2\repository\com\zaxxer\HikariCP\4.0.3\HikariCP-4.0.3.jar;C:\Users\KANHAIYA KUMAR\.m2\repository\org\springframework\spring-jdbc\5.3.10\spring-jdbc-5.3.10.jar;C:\Users\KANHAIYA KUMAR\.m2\repository\jakarta\transaction\jakarta.transaction-api\1.3.3\jakarta.transaction-api-1.3.3.jar;C:\Users\KANHAIYA KUMAR\.m2\repository\jakarta\persistence\jakarta.persistence-api\2.2.3\jakarta.persistence-api-2.2.3.jar;C:\Users\KANHAIYA KUMAR\.m2\repository\org\hibernate\hibernate-core\5.4.32.Final\hibernate-core-5.4.32.Final.jar;C:\Users\KANHAIYA KUMAR\.m2\repository\org\jboss\logging\jboss-logging\3.4.2.Final\jboss-logging-3.4.2.Final.jar;C:\Users\KANHAIYA KUMAR\.m2\repository\org\javassist\javassist\3.27.0-GA\javassist-3.27.0-GA.jar;C:\Users\KANHAIYA KUMAR\.m2\repository\net\bytebuddy\byte-buddy\1.10.22\byte-buddy-1.10.22.jar;C:\Users\KANHAIYA KUMAR\.m2\repository\antlr\antlr\2.7.7\antlr-2.7.7.jar;C:\Users\KANHAIYA KUMAR\.m2\repository\org\jboss\jandex\2.2.3.Final\jandex-2.2.3.Final.jar;C:\Users\KANHAIYA KUMAR\.m2\repository\com\fasterxml\classmate\1.5.1\classmate-1.5.1.jar;C:\Users\KANHAIYA KUMAR\.m2\repository\org\dom4j\dom4j\2.1.3\dom4j-2.1.3.jar;C:\Users\KANHAIYA KUMAR\.m2\repository\org\hibernate\common\hibernate-commons-annotations\5.1.2.Final\hibernate-commons-annotations-5.1.2.Final.jar;C:\Users\KANHAIYA KUMAR\.m2\repository\org\glas
Launcher Type: SUN_STANDARD

[Global flags]
     intx CICompilerCount                          = 4                                         {product} {ergonomic}
     uint ConcGCThreads                            = 2                                         {product} {ergonomic}
     uint G1ConcRefinementThreads                  = 8                                         {product} {ergonomic}
   size_t G1HeapRegionSize                         = 1048576                                   {product} {ergonomic}
    uintx GCDrainStackTargetSize                   = 64                                        {product} {ergonomic}
   size_t InitialHeapSize                          = 100663296                                 {product} {ergonomic}
     bool ManagementServer                         = true                                      {product} {command line}
   size_t MarkStackSize                            = 4194304                                   {product} {ergonomic}
   size_t MaxHeapSize                              = 1589641216                                {product} {ergonomic}
   size_t MaxNewSize                               = 953155584                                 {product} {ergonomic}
   size_t MinHeapDeltaBytes                        = 1048576                                   {product} {ergonomic}
   size_t MinHeapSize                              = 8388608                                   {product} {ergonomic}
    uintx NonNMethodCodeHeapSize                   = 7549744                                {pd product} {ergonomic}
    uintx NonProfiledCodeHeapSize                  = 244108496                              {pd product} {ergonomic}
    uintx ProfiledCodeHeapSize                     = 0                                      {pd product} {ergonomic}
    uintx ReservedCodeCacheSize                    = 251658240                              {pd product} {ergonomic}
     bool SegmentedCodeCache                       = true                                      {product} {ergonomic}
     bool ShowCodeDetailsInExceptionMessages       = true                                   {manageable} {command line}
   size_t SoftMaxHeapSize                          = 1589641216                             {manageable} {ergonomic}
     intx TieredStopAtLevel                        = 1                                         {product} {command line}
     bool UseCompressedClassPointers               = true                           {product lp64_product} {ergonomic}
     bool UseCompressedOops                        = true                           {product lp64_product} {ergonomic}
     bool UseG1GC                                  = true                                      {product} {ergonomic}
     bool UseLargePagesIndividualAllocation        = false                                  {pd product} {ergonomic}

Logging:
Log output configuration:
 #0: stdout all=warning uptime,level,tags
 #1: stderr all=off uptime,level,tags

Environment Variables:
JAVA_HOME=C:\Program Files\Java\jdk1.8.0_281\bin
CLASSPATH="C:\mysql-connector-java-8.0.25.jar;";,;"C:\Driver-MySQL\mysql-connector-java-8.0.25\mysql-connector-java-8.0.25\mysql-connector-java-8.0.25.jar;";
PATH=C:/sts-4.11.0.RELEASE//plugins/org.eclipse.justj.openjdk.hotspot.jre.full.win32.x86_64_16.0.1.v20210528-1205/jre/bin/server;C:/sts-4.11.0.RELEASE//plugins/org.eclipse.justj.openjdk.hotspot.jre.full.win32.x86_64_16.0.1.v20210528-1205/jre/bin;C:\Program Files\Eclipse Foundation\jdk-11.0.12.7-hotspot\bin;C:\Program Files (x86)\Common Files\Oracle\Java\javapath;C:\python3.9\Scripts\;C:\python3.9\;C:\windows\system32;C:\windows;C:\windows\System32\Wbem;"C:\windows\System32\WindowsPowerShell\v1.0\;C:\Program Files\Java\jdk1.8.0_281\bin;";C:\windows\System32\OpenSSH\;C:\MinGW\bin;C:\Program Files\Java\jdk1.8.0_281\bin;C:\MinGW\bin;C:\Users\KANHAIYA KUMAR\AppData\Roaming\Microsoft\Windows\Start Menu\Programs\Visual Studio Code;C:\Program Files\nodejs\;C:\Program Files\Git\cmd;C:\Program Files\Amazon\AWSCLIV2\;C:\Program Files\PuTTY\;C:\Users\KANHAIYA KUMAR\AppData\Local\Microsoft\WindowsApps;C:\MinGW\mingw32\bin;C:\Users\KANHAIYA KUMAR\eclipse-workspace\Clearning\Debug\src;C:\MinGW\include;C:\Users\KANHAIYA KUMAR\AppData\Local\Programs\Microsoft VS Code\bin;C:\Users\KANHAIYA KUMAR\eclipse-workspace;C:\Cindev;C:\learningcinDEV;C:\Program Files\php-8.0.5;C:\Users\KANHAIYA KUMAR\AppData\Roaming\npm;C:\Users\KANHAIYA KUMAR\AppData\Local\GitHubDesktop\bin;C:\mysql-connector-java-8.0.25.jar;C:\Users\KANHAIYA KUMAR\AppData\Roaming\npm;C:\Users\KANHAIYA KUMAR\AppData\Roaming\npm\node_modules\@angular\cli\bin;;C:\Program Files\Docker Toolbox;C:\sts-4.11.0.RELEASE;
USERNAME=KANHAIYA KUMAR
OS=Windows_NT
PROCESSOR_IDENTIFIER=AMD64 Family 23 Model 24 Stepping 1, AuthenticAMD



---------------  S Y S T E M  ---------------

OS:
 Windows 10 , 64 bit Build 19041 (10.0.19041.1202)
OS uptime: 12 days 1:02 hours
Hyper-V role detected

CPU: total 8 (initial active 8) (8 cores per cpu, 2 threads per core) family 23 model 24 stepping 1 microcode 0x0, cx8, cmov, fxsr, ht, mmx, 3dnowpref, sse, sse2, sse3, ssse3, sse4a, sse4.1, sse4.2, popcnt, lzcnt, tsc, tscinvbit, avx, avx2, aes, clmul, bmi1, bmi2, adx, sha, fma, vzeroupper, clflush, clflushopt, hv

Memory: 4k page, system-wide physical 6058M (386M free)
TotalPageFile size 24490M (AvailPageFile size 0M)
current process WorkingSet (physical memory assigned to process): 91M, peak: 91M
current process commit charge ("private bytes"): 190M, peak: 190M

vm_info: OpenJDK 64-Bit Server VM (16.0.1+9-24) for windows-amd64 JRE (16.0.1+9-24), built on Mar 26 2021 19:30:07 by "mach5one" with MS VC++ 16.7 (VS2019)

END.
